<?xml version="1.0" encoding="UTF-8"?>
<!-- Generated by org.testng.reporters.JUnitXMLReporter -->
<testsuite hostname="LAPTOP-TFC4TLPM" ignored="0" name="Testfirefox" tests="5" failures="0" timestamp="11 Sep 2019 09:58:02 GMT" time="20.335" errors="0">
  <testcase name="liscenseHeader" time="0.94" classname="testng.actitime.ActiTimeTest"/>
  <testcase name="captureError" time="3.418" classname="testng.actitime.ActiTimeTest"/>
  <testcase name="validateLogin" time="2.656" classname="testng.actitime.ActiTimeTest"/>
  <testcase name="validateLogin" time="2.865" classname="testng.actitime.ActiTimeTest"/>
  <testcase name="validateLogin" time="4.674" classname="testng.actitime.ActiTimeTest"/>
</testsuite> <!-- Testfirefox -->
