<?xml version="1.0" encoding="UTF-8"?>
<!-- Generated by org.testng.reporters.JUnitXMLReporter -->
<testsuite hostname="LAPTOP-TFC4TLPM" ignored="0" name="Test" tests="5" failures="0" timestamp="17 Sep 2019 15:40:21 GMT" time="31.352" errors="0">
  <testcase name="liscenseHeader" time="9.008" classname="testng.actitime.ActiTimeTest"/>
  <testcase name="captureError" time="2.902" classname="testng.actitime.ActiTimeTest"/>
  <testcase name="validateLogin" time="3.473" classname="testng.actitime.ActiTimeTest"/>
  <testcase name="validateLogin" time="2.499" classname="testng.actitime.ActiTimeTest"/>
  <testcase name="validateLogin" time="6.109" classname="testng.actitime.ActiTimeTest"/>
</testsuite> <!-- Test -->
