<?xml version="1.0" encoding="UTF-8"?>
<!-- Generated by org.testng.reporters.JUnitXMLReporter -->
<testsuite hostname="LAPTOP-TFC4TLPM" ignored="0" name="Test2" tests="3" failures="0" timestamp="09 Sep 2019 06:50:49 GMT" time="0.018" errors="0">
  <testcase name="testb" time="0.001" classname="orderofexec.TestCasesA"/>
  <testcase name="testc" time="0.007" classname="orderofexec.TestCasesA"/>
  <testcase name="testd" time="0.002" classname="orderofexec.TestCasesA"/>
</testsuite> <!-- Test2 -->
