<?xml version="1.0" encoding="UTF-8"?>
<!-- Generated by org.testng.reporters.JUnitXMLReporter -->
<testsuite hostname="LAPTOP-TFC4TLPM" ignored="0" name="Testchrome" tests="5" failures="0" timestamp="11 Sep 2019 09:57:42 GMT" time="21.695" errors="0">
  <testcase name="liscenseHeader" time="5.852" classname="testng.actitime.ActiTimeTest"/>
  <testcase name="captureError" time="2.492" classname="testng.actitime.ActiTimeTest"/>
  <testcase name="validateLogin" time="2.332" classname="testng.actitime.ActiTimeTest"/>
  <testcase name="validateLogin" time="2.368" classname="testng.actitime.ActiTimeTest"/>
  <testcase name="validateLogin" time="2.337" classname="testng.actitime.ActiTimeTest"/>
</testsuite> <!-- Testchrome -->
